<?xml version="1.0" encoding="UTF-8"?>
<testsuite xmlns:xsi="http://www.w3.org/2001/XMLSchema-instance" xsi:noNamespaceSchemaLocation="https://maven.apache.org/surefire/maven-surefire-plugin/xsd/surefire-test-report.xsd" name="packageA.RandomTypesTest" time="0.123" tests="1" errors="0" skipped="0" failures="0">
  <properties>
    <property name="sun.desktop" value="gnome"/>
    <property name="awt.toolkit" value="sun.awt.X11.XToolkit"/>
    <property name="file.encoding.pkg" value="sun.io"/>
    <property name="java.specification.version" value="1.8"/>
    <property name="sun.cpu.isalist" value=""/>
    <property name="sun.jnu.encoding" value="UTF-8"/>
    <property name="java.class.path" value="/home/vishal/Documents/Waterloo/PL/calls-across-libs/libs-info-project-runner/projects/microbenchmark1-calls-across-libs/microbenchmark1-library/target/test-classes:/home/vishal/Documents/Waterloo/PL/calls-across-libs/libs-info-project-runner/projects/microbenchmark1-calls-across-libs/microbenchmark1-library/target/classes:/home/vishal/.m2/repository/org/postgresql/postgresql/42.2.14/postgresql-42.2.14.jar:/home/vishal/.m2/repository/junit/junit/4.12/junit-4.12.jar:/home/vishal/.m2/repository/org/hamcrest/hamcrest-core/1.3/hamcrest-core-1.3.jar:"/>
    <property name="java.vm.vendor" value="Private Build"/>
    <property name="sun.arch.data.model" value="64"/>
    <property name="java.vendor.url" value="http://java.oracle.com/"/>
    <property name="user.timezone" value="Asia/Kolkata"/>
    <property name="java.vm.specification.version" value="1.8"/>
    <property name="os.name" value="Linux"/>
    <property name="user.country" value="IN"/>
    <property name="sun.java.launcher" value="SUN_STANDARD"/>
    <property name="sun.boot.library.path" value="/usr/lib/jvm/java-8-openjdk-amd64/jre/lib/amd64"/>
    <property name="sun.java.command" value="/home/vishal/Documents/Waterloo/PL/calls-across-libs/libs-info-project-runner/projects/microbenchmark1-calls-across-libs/microbenchmark1-library/target/surefire/surefirebooter4916165611211157134.jar /home/vishal/Documents/Waterloo/PL/calls-across-libs/libs-info-project-runner/projects/microbenchmark1-calls-across-libs/microbenchmark1-library/target/surefire 2021-05-27T16-26-40_067-jvmRun1 surefire607278425789257942tmp surefire_05543698241760956372tmp"/>
    <property name="surefire.test.class.path" value="/home/vishal/Documents/Waterloo/PL/calls-across-libs/libs-info-project-runner/projects/microbenchmark1-calls-across-libs/microbenchmark1-library/target/test-classes:/home/vishal/Documents/Waterloo/PL/calls-across-libs/libs-info-project-runner/projects/microbenchmark1-calls-across-libs/microbenchmark1-library/target/classes:/home/vishal/.m2/repository/org/postgresql/postgresql/42.2.14/postgresql-42.2.14.jar:/home/vishal/.m2/repository/junit/junit/4.12/junit-4.12.jar:/home/vishal/.m2/repository/org/hamcrest/hamcrest-core/1.3/hamcrest-core-1.3.jar:"/>
    <property name="sun.cpu.endian" value="little"/>
    <property name="user.home" value="/home/vishal"/>
    <property name="user.language" value="en"/>
    <property name="java.specification.vendor" value="Oracle Corporation"/>
    <property name="java.home" value="/usr/lib/jvm/java-8-openjdk-amd64/jre"/>
    <property name="basedir" value="/home/vishal/Documents/Waterloo/PL/calls-across-libs/libs-info-project-runner/projects/microbenchmark1-calls-across-libs/microbenchmark1-library"/>
    <property name="file.separator" value="/"/>
    <property name="line.separator" value="&#10;"/>
    <property name="java.vm.specification.vendor" value="Oracle Corporation"/>
    <property name="java.specification.name" value="Java Platform API Specification"/>
    <property name="java.awt.graphicsenv" value="sun.awt.X11GraphicsEnvironment"/>
    <property name="surefire.real.class.path" value="/home/vishal/Documents/Waterloo/PL/calls-across-libs/libs-info-project-runner/projects/microbenchmark1-calls-across-libs/microbenchmark1-library/target/surefire/surefirebooter4916165611211157134.jar:/home/vishal/Documents/Waterloo/PL/calls-across-libs/libs-info-agent/target/libs-info-agent-1.0-SNAPSHOT.jar"/>
    <property name="sun.boot.class.path" value="/home/vishal/.m2/repository/org/javassist/javassist/3.27.0-GA/javassist-3.27.0-GA.jar:/home/vishal/Documents/Waterloo/PL/calls-across-libs/libs-info-db/target/libs-info-db-1.0-SNAPSHOT.jar:/usr/lib/jvm/java-8-openjdk-amd64/jre/lib/resources.jar:/usr/lib/jvm/java-8-openjdk-amd64/jre/lib/rt.jar:/usr/lib/jvm/java-8-openjdk-amd64/jre/lib/sunrsasign.jar:/usr/lib/jvm/java-8-openjdk-amd64/jre/lib/jsse.jar:/usr/lib/jvm/java-8-openjdk-amd64/jre/lib/jce.jar:/usr/lib/jvm/java-8-openjdk-amd64/jre/lib/charsets.jar:/usr/lib/jvm/java-8-openjdk-amd64/jre/lib/jfr.jar:/usr/lib/jvm/java-8-openjdk-amd64/jre/classes"/>
    <property name="sun.management.compiler" value="HotSpot 64-Bit Tiered Compilers"/>
    <property name="java.runtime.version" value="1.8.0_292-8u292-b10-0ubuntu1~20.04-b10"/>
    <property name="user.name" value="vishal"/>
    <property name="path.separator" value=":"/>
    <property name="os.version" value="5.8.0-53-generic"/>
    <property name="java.endorsed.dirs" value="/usr/lib/jvm/java-8-openjdk-amd64/jre/lib/endorsed"/>
    <property name="java.runtime.name" value="OpenJDK Runtime Environment"/>
    <property name="file.encoding" value="UTF-8"/>
    <property name="java.vm.name" value="OpenJDK 64-Bit Server VM"/>
    <property name="localRepository" value="/home/vishal/.m2/repository"/>
    <property name="java.vendor.url.bug" value="http://bugreport.sun.com/bugreport/"/>
    <property name="java.io.tmpdir" value="/tmp"/>
    <property name="java.version" value="1.8.0_292"/>
    <property name="user.dir" value="/home/vishal/Documents/Waterloo/PL/calls-across-libs/libs-info-project-runner/projects/microbenchmark1-calls-across-libs/microbenchmark1-library"/>
    <property name="os.arch" value="amd64"/>
    <property name="java.vm.specification.name" value="Java Virtual Machine Specification"/>
    <property name="java.awt.printerjob" value="sun.print.PSPrinterJob"/>
    <property name="sun.os.patch.level" value="unknown"/>
    <property name="java.library.path" value="/usr/java/packages/lib/amd64:/usr/lib/x86_64-linux-gnu/jni:/lib/x86_64-linux-gnu:/usr/lib/x86_64-linux-gnu:/usr/lib/jni:/lib:/usr/lib"/>
    <property name="java.vm.info" value="mixed mode"/>
    <property name="java.vendor" value="Private Build"/>
    <property name="java.vm.version" value="25.292-b10"/>
    <property name="java.ext.dirs" value="/usr/lib/jvm/java-8-openjdk-amd64/jre/lib/ext:/usr/java/packages/lib/ext"/>
    <property name="sun.io.unicode.encoding" value="UnicodeLittle"/>
    <property name="java.class.version" value="52.0"/>
  </properties>
  <testcase name="randomTypesTestMethod" classname="packageA.RandomTypesTest" time="0.043"/>
</testsuite>